<?xml version="1.0" encoding="UTF-8"?>
<testng-results ignored="0" total="1" passed="0" failed="1" skipped="0">
  <reporter-output>
  </reporter-output>
  <suite started-at="2020-08-30T00:03:23 MST" name="Suite" finished-at="2020-08-30T00:04:14 MST" duration-ms="51417">
    <groups>
      <group name="cucumber">
        <method signature="AbstractTestNGCucumberTests.feature(cucumber.api.testng.CucumberFeatureWrapper)[pri:0, instance:com.testRunner.TestRunner@56528192]" name="feature" class="cucumber.api.testng.AbstractTestNGCucumberTests"/>
      </group> <!-- cucumber -->
    </groups>
    <test started-at="2020-08-30T00:03:23 MST" name="Test" finished-at="2020-08-30T00:04:14 MST" duration-ms="51417">
      <class name="com.testRunner.TestRunner">
        <test-method is-config="true" signature="setUpClass()[pri:0, instance:com.testRunner.TestRunner@56528192]" started-at="2020-08-30T00:03:23 MST" name="setUpClass" finished-at="2020-08-30T00:03:24 MST" duration-ms="532" status="PASS">
          <reporter-output>
          </reporter-output>
        </test-method> <!-- setUpClass -->
        <test-method signature="feature(cucumber.api.testng.CucumberFeatureWrapper)[pri:0, instance:com.testRunner.TestRunner@56528192]" started-at="2020-08-30T00:03:24 MST" name="feature" description="Runs Cucumber Feature" data-provider="features" finished-at="2020-08-30T00:04:14 MST" duration-ms="49755" status="FAIL">
          <params>
            <param index="0">
              <value>
                <![CDATA[OrangeHrm website]]>
              </value>
            </param>
          </params>
          <exception class="cucumber.runtime.CucumberException">
            <message>
              <![CDATA[cucumber.runtime.CucumberException: Arity mismatch: Step Definition 'com.stepdefinition.OrangeHrmAdminSteps.enter_username() in file:/C:/Users/itsdi/eclipse-workspace/CucumberHybrid/target/test-classes/' with pattern [^Enter username$] is declared with 0 parameters. However, the gherkin step has 1 arguments [Table:[[rithika]]]. 
Step: Then Enter username]]>
            </message>
            <full-stacktrace>
              <![CDATA[cucumber.runtime.CucumberException: cucumber.runtime.CucumberException: Arity mismatch: Step Definition 'com.stepdefinition.OrangeHrmAdminSteps.enter_username() in file:/C:/Users/itsdi/eclipse-workspace/CucumberHybrid/target/test-classes/' with pattern [^Enter username$] is declared with 0 parameters. However, the gherkin step has 1 arguments [Table:[[rithika]]]. 
Step: Then Enter username
at cucumber.api.testng.TestNGCucumberRunner.runCucumber(TestNGCucumberRunner.java:69)
at cucumber.api.testng.AbstractTestNGCucumberTests.feature(AbstractTestNGCucumberTests.java:21)
at java.base/jdk.internal.reflect.NativeMethodAccessorImpl.invoke0(Native Method)
at java.base/jdk.internal.reflect.NativeMethodAccessorImpl.invoke(NativeMethodAccessorImpl.java:62)
at java.base/jdk.internal.reflect.DelegatingMethodAccessorImpl.invoke(DelegatingMethodAccessorImpl.java:43)
at java.base/java.lang.reflect.Method.invoke(Method.java:567)
at org.testng.internal.MethodInvocationHelper.invokeMethod(MethodInvocationHelper.java:133)
at org.testng.internal.TestInvoker.invokeMethod(TestInvoker.java:584)
at org.testng.internal.TestInvoker.invokeTestMethod(TestInvoker.java:172)
at org.testng.internal.MethodRunner.runInSequence(MethodRunner.java:46)
at org.testng.internal.TestInvoker$MethodInvocationAgent.invoke(TestInvoker.java:804)
at org.testng.internal.TestInvoker.invokeTestMethods(TestInvoker.java:145)
at org.testng.internal.TestMethodWorker.invokeTestMethods(TestMethodWorker.java:146)
at org.testng.internal.TestMethodWorker.run(TestMethodWorker.java:128)
at java.base/java.util.ArrayList.forEach(ArrayList.java:1540)
at org.testng.TestRunner.privateRun(TestRunner.java:770)
at org.testng.TestRunner.run(TestRunner.java:591)
at org.testng.SuiteRunner.runTest(SuiteRunner.java:402)
at org.testng.SuiteRunner.runSequentially(SuiteRunner.java:396)
at org.testng.SuiteRunner.privateRun(SuiteRunner.java:355)
at org.testng.SuiteRunner.run(SuiteRunner.java:304)
at org.testng.SuiteRunnerWorker.runSuite(SuiteRunnerWorker.java:53)
at org.testng.SuiteRunnerWorker.run(SuiteRunnerWorker.java:96)
at org.testng.TestNG.runSuitesSequentially(TestNG.java:1180)
at org.testng.TestNG.runSuitesLocally(TestNG.java:1102)
at org.testng.TestNG.runSuites(TestNG.java:1032)
at org.testng.TestNG.run(TestNG.java:1000)
at org.testng.remote.AbstractRemoteTestNG.run(AbstractRemoteTestNG.java:115)
at org.testng.remote.RemoteTestNG.initAndRun(RemoteTestNG.java:251)
at org.testng.remote.RemoteTestNG.main(RemoteTestNG.java:77)
Caused by: cucumber.runtime.CucumberException: Arity mismatch: Step Definition 'com.stepdefinition.OrangeHrmAdminSteps.enter_username() in file:/C:/Users/itsdi/eclipse-workspace/CucumberHybrid/target/test-classes/' with pattern [^Enter username$] is declared with 0 parameters. However, the gherkin step has 1 arguments [Table:[[rithika]]]. 
Step: Then Enter username
at cucumber.runtime.StepDefinitionMatch.arityMismatch(StepDefinitionMatch.java:102)
at cucumber.runtime.StepDefinitionMatch.transformedArgs(StepDefinitionMatch.java:60)
at cucumber.runtime.StepDefinitionMatch.runStep(StepDefinitionMatch.java:37)
at cucumber.runtime.Runtime.runStep(Runtime.java:300)
at cucumber.runtime.model.StepContainer.runStep(StepContainer.java:44)
at cucumber.runtime.model.StepContainer.runSteps(StepContainer.java:39)
at cucumber.runtime.model.CucumberScenario.run(CucumberScenario.java:44)
at cucumber.runtime.model.CucumberFeature.run(CucumberFeature.java:165)
at cucumber.api.testng.TestNGCucumberRunner.runCucumber(TestNGCucumberRunner.java:63)
... 29 more
]]>
            </full-stacktrace>
          </exception> <!-- cucumber.runtime.CucumberException -->
          <reporter-output>
          </reporter-output>
        </test-method> <!-- feature -->
        <test-method is-config="true" signature="extendReport()[pri:0, instance:com.testRunner.TestRunner@56528192]" started-at="2020-08-30T00:04:14 MST" name="extendReport" finished-at="2020-08-30T00:04:14 MST" duration-ms="27" status="PASS">
          <reporter-output>
          </reporter-output>
        </test-method> <!-- extendReport -->
        <test-method is-config="true" signature="tearDownClass()[pri:0, instance:com.testRunner.TestRunner@56528192]" started-at="2020-08-30T00:04:14 MST" name="tearDownClass" finished-at="2020-08-30T00:04:14 MST" duration-ms="797" status="PASS">
          <reporter-output>
          </reporter-output>
        </test-method> <!-- tearDownClass -->
      </class> <!-- com.testRunner.TestRunner -->
    </test> <!-- Test -->
  </suite> <!-- Suite -->
</testng-results>
